Making install in .
make[1]: Entering directory '/root/mesos-1.6.1/build'
make[2]: Entering directory '/root/mesos-1.6.1/build'
 /bin/mkdir -p '/usr/local/lib/pkgconfig'
 /usr/bin/install -c -m 644 mesos.pc '/usr/local/lib/pkgconfig'
make[2]: Leaving directory '/root/mesos-1.6.1/build'
make[1]: Leaving directory '/root/mesos-1.6.1/build'
Making install in 3rdparty
make[1]: Entering directory '/root/mesos-1.6.1/build/3rdparty'
make  install-recursive
make[2]: Entering directory '/root/mesos-1.6.1/build/3rdparty'
Making install in .
make[3]: Entering directory '/root/mesos-1.6.1/build/3rdparty'
make[4]: Entering directory '/root/mesos-1.6.1/build/3rdparty'
make[4]: Nothing to be done for 'install-exec-am'.
 /bin/mkdir -p '/usr/local/include/elfio'
 /usr/bin/install -c -m 644 elfio-3.2/elfio/elf_types.hpp elfio-3.2/elfio/elfio.hpp elfio-3.2/elfio/elfio_dump.hpp elfio-3.2/elfio/elfio_dynamic.hpp elfio-3.2/elfio/elfio_header.hpp elfio-3.2/elfio/elfio_note.hpp elfio-3.2/elfio/elfio_relocation.hpp elfio-3.2/elfio/elfio_section.hpp elfio-3.2/elfio/elfio_segment.hpp elfio-3.2/elfio/elfio_strings.hpp elfio-3.2/elfio/elfio_symbols.hpp elfio-3.2/elfio/elfio_utils.hpp '/usr/local/include/elfio'
 /bin/mkdir -p '/usr/local/include'
 /usr/bin/install -c -m 644 picojson-1.3.0/picojson.h '/usr/local/include'
make[4]: Leaving directory '/root/mesos-1.6.1/build/3rdparty'
make[3]: Leaving directory '/root/mesos-1.6.1/build/3rdparty'
Making install in stout
make[3]: Entering directory '/root/mesos-1.6.1/build/3rdparty/stout'
make  install-recursive
make[4]: Entering directory '/root/mesos-1.6.1/build/3rdparty/stout'
Making install in .
make[5]: Entering directory '/root/mesos-1.6.1/build/3rdparty/stout'
make[6]: Entering directory '/root/mesos-1.6.1/build/3rdparty/stout'
make[6]: Nothing to be done for 'install-exec-am'.
make[6]: Nothing to be done for 'install-data-am'.
make[6]: Leaving directory '/root/mesos-1.6.1/build/3rdparty/stout'
make[5]: Leaving directory '/root/mesos-1.6.1/build/3rdparty/stout'
Making install in include
make[5]: Entering directory '/root/mesos-1.6.1/build/3rdparty/stout/include'
make[6]: Entering directory '/root/mesos-1.6.1/build/3rdparty/stout/include'
make[6]: Nothing to be done for 'install-exec-am'.
 /bin/mkdir -p '/usr/local/include'
 /bin/mkdir -p '/usr/local/include/stout'
 /usr/bin/install -c -m 644  ../../../../3rdparty/stout/include/stout/abort.hpp ../../../../3rdparty/stout/include/stout/adaptor.hpp ../../../../3rdparty/stout/include/stout/assert.hpp ../../../../3rdparty/stout/include/stout/attributes.hpp ../../../../3rdparty/stout/include/stout/base64.hpp ../../../../3rdparty/stout/include/stout/boundedhashmap.hpp ../../../../3rdparty/stout/include/stout/bits.hpp ../../../../3rdparty/stout/include/stout/bytes.hpp ../../../../3rdparty/stout/include/stout/cpp14.hpp ../../../../3rdparty/stout/include/stout/cpp17.hpp ../../../../3rdparty/stout/include/stout/cache.hpp ../../../../3rdparty/stout/include/stout/check.hpp ../../../../3rdparty/stout/include/stout/duration.hpp ../../../../3rdparty/stout/include/stout/dynamiclibrary.hpp ../../../../3rdparty/stout/include/stout/elf.hpp ../../../../3rdparty/stout/include/stout/error.hpp ../../../../3rdparty/stout/include/stout/errorbase.hpp ../../../../3rdparty/stout/include/stout/exit.hpp ../../../../3rdparty/stout/include/stout/flags.hpp ../../../../3rdparty/stout/include/stout/foreach.hpp ../../../../3rdparty/stout/include/stout/format.hpp ../../../../3rdparty/stout/include/stout/fs.hpp ../../../../3rdparty/stout/include/stout/gtest.hpp ../../../../3rdparty/stout/include/stout/gzip.hpp ../../../../3rdparty/stout/include/stout/hashmap.hpp ../../../../3rdparty/stout/include/stout/hashset.hpp ../../../../3rdparty/stout/include/stout/interval.hpp ../../../../3rdparty/stout/include/stout/ip.hpp ../../../../3rdparty/stout/include/stout/json.hpp ../../../../3rdparty/stout/include/stout/jsonify.hpp ../../../../3rdparty/stout/include/stout/lambda.hpp ../../../../3rdparty/stout/include/stout/linkedhashmap.hpp ../../../../3rdparty/stout/include/stout/mac.hpp ../../../../3rdparty/stout/include/stout/multihashmap.hpp ../../../../3rdparty/stout/include/stout/multimap.hpp ../../../../3rdparty/stout/include/stout/net.hpp ../../../../3rdparty/stout/include/stout/none.hpp ../../../../3rdparty/stout/include/stout/nothing.hpp ../../../../3rdparty/stout/include/stout/numify.hpp ../../../../3rdparty/stout/include/stout/option.hpp '/usr/local/include/stout'
 /bin/mkdir -p '/usr/local/include/stout/os'
 /usr/bin/install -c -m 644  ../../../../3rdparty/stout/include/stout/os/access.hpp ../../../../3rdparty/stout/include/stout/os/bootid.hpp ../../../../3rdparty/stout/include/stout/os/chdir.hpp ../../../../3rdparty/stout/include/stout/os/chroot.hpp ../../../../3rdparty/stout/include/stout/os/close.hpp ../../../../3rdparty/stout/include/stout/os/constants.hpp ../../../../3rdparty/stout/include/stout/os/copyfile.hpp ../../../../3rdparty/stout/include/stout/os/dup.hpp ../../../../3rdparty/stout/include/stout/os/environment.hpp ../../../../3rdparty/stout/include/stout/os/exists.hpp ../../../../3rdparty/stout/include/stout/os/fcntl.hpp ../../../../3rdparty/stout/include/stout/os/getenv.hpp ../../../../3rdparty/stout/include/stout/os/find.hpp ../../../../3rdparty/stout/include/stout/os/fork.hpp ../../../../3rdparty/stout/include/stout/os/freebsd.hpp ../../../../3rdparty/stout/include/stout/os/fsync.hpp ../../../../3rdparty/stout/include/stout/os/ftruncate.hpp ../../../../3rdparty/stout/include/stout/os/getcwd.hpp ../../../../3rdparty/stout/include/stout/os/int_fd.hpp ../../../../3rdparty/stout/include/stout/os/kill.hpp ../../../../3rdparty/stout/include/stout/os/killtree.hpp ../../../../3rdparty/stout/include/stout/os/linux.hpp ../../../../3rdparty/stout/include/stout/os/ls.hpp ../../../../3rdparty/stout/include/stout/os/lseek.hpp ../../../../3rdparty/stout/include/stout/os/mkdir.hpp ../../../../3rdparty/stout/include/stout/os/mkdtemp.hpp ../../../../3rdparty/stout/include/stout/os/mktemp.hpp ../../../../3rdparty/stout/include/stout/os/open.hpp ../../../../3rdparty/stout/include/stout/os/os.hpp ../../../../3rdparty/stout/include/stout/os/osx.hpp ../../../../3rdparty/stout/include/stout/os/pagesize.hpp ../../../../3rdparty/stout/include/stout/os/permissions.hpp ../../../../3rdparty/stout/include/stout/os/pipe.hpp ../../../../3rdparty/stout/include/stout/os/process.hpp ../../../../3rdparty/stout/include/stout/os/pstree.hpp ../../../../3rdparty/stout/include/stout/os/read.hpp ../../../../3rdparty/stout/include/stout/os/realpath.hpp ../../../../3rdparty/stout/include/stout/os/rename.hpp ../../../../3rdparty/stout/include/stout/os/rm.hpp ../../../../3rdparty/stout/include/stout/os/rmdir.hpp '/usr/local/include/stout/os'
 /bin/mkdir -p '/usr/local/include/stout/os/posix'
 /usr/bin/install -c -m 644  ../../../../3rdparty/stout/include/stout/os/posix/bootid.hpp ../../../../3rdparty/stout/include/stout/os/posix/chdir.hpp ../../../../3rdparty/stout/include/stout/os/posix/chown.hpp ../../../../3rdparty/stout/include/stout/os/posix/chroot.hpp ../../../../3rdparty/stout/include/stout/os/posix/close.hpp ../../../../3rdparty/stout/include/stout/os/posix/copyfile.hpp ../../../../3rdparty/stout/include/stout/os/posix/dup.hpp ../../../../3rdparty/stout/include/stout/os/posix/environment.hpp ../../../../3rdparty/stout/include/stout/os/posix/exists.hpp ../../../../3rdparty/stout/include/stout/os/posix/fcntl.hpp ../../../../3rdparty/stout/include/stout/os/posix/fork.hpp ../../../../3rdparty/stout/include/stout/os/posix/fsync.hpp ../../../../3rdparty/stout/include/stout/os/posix/ftruncate.hpp ../../../../3rdparty/stout/include/stout/os/posix/getcwd.hpp ../../../../3rdparty/stout/include/stout/os/posix/getenv.hpp ../../../../3rdparty/stout/include/stout/os/posix/kill.hpp ../../../../3rdparty/stout/include/stout/os/posix/killtree.hpp ../../../../3rdparty/stout/include/stout/os/posix/ls.hpp ../../../../3rdparty/stout/include/stout/os/posix/lseek.hpp ../../../../3rdparty/stout/include/stout/os/posix/mkdir.hpp ../../../../3rdparty/stout/include/stout/os/posix/mkdtemp.hpp ../../../../3rdparty/stout/include/stout/os/posix/mktemp.hpp ../../../../3rdparty/stout/include/stout/os/posix/open.hpp ../../../../3rdparty/stout/include/stout/os/posix/pagesize.hpp ../../../../3rdparty/stout/include/stout/os/posix/pipe.hpp ../../../../3rdparty/stout/include/stout/os/posix/read.hpp ../../../../3rdparty/stout/include/stout/os/posix/realpath.hpp ../../../../3rdparty/stout/include/stout/os/posix/rename.hpp ../../../../3rdparty/stout/include/stout/os/posix/rm.hpp ../../../../3rdparty/stout/include/stout/os/posix/rmdir.hpp ../../../../3rdparty/stout/include/stout/os/posix/sendfile.hpp ../../../../3rdparty/stout/include/stout/os/posix/shell.hpp ../../../../3rdparty/stout/include/stout/os/posix/signals.hpp ../../../../3rdparty/stout/include/stout/os/posix/socket.hpp ../../../../3rdparty/stout/include/stout/os/posix/stat.hpp ../../../../3rdparty/stout/include/stout/os/posix/su.hpp ../../../../3rdparty/stout/include/stout/os/posix/temp.hpp ../../../../3rdparty/stout/include/stout/os/posix/which.hpp ../../../../3rdparty/stout/include/stout/os/posix/write.hpp ../../../../3rdparty/stout/include/stout/os/posix/xattr.hpp '/usr/local/include/stout/os/posix'
 /bin/mkdir -p '/usr/local/include/stout/os/windows'
 /usr/bin/install -c -m 644  ../../../../3rdparty/stout/include/stout/os/windows/bootid.hpp ../../../../3rdparty/stout/include/stout/os/windows/chdir.hpp ../../../../3rdparty/stout/include/stout/os/windows/chroot.hpp ../../../../3rdparty/stout/include/stout/os/windows/close.hpp ../../../../3rdparty/stout/include/stout/os/windows/copyfile.hpp ../../../../3rdparty/stout/include/stout/os/windows/dup.hpp ../../../../3rdparty/stout/include/stout/os/windows/environment.hpp ../../../../3rdparty/stout/include/stout/os/windows/exists.hpp ../../../../3rdparty/stout/include/stout/os/windows/fcntl.hpp ../../../../3rdparty/stout/include/stout/os/windows/fd.hpp ../../../../3rdparty/stout/include/stout/os/windows/fork.hpp ../../../../3rdparty/stout/include/stout/os/windows/fsync.hpp ../../../../3rdparty/stout/include/stout/os/windows/ftruncate.hpp ../../../../3rdparty/stout/include/stout/os/windows/getcwd.hpp ../../../../3rdparty/stout/include/stout/os/windows/getenv.hpp ../../../../3rdparty/stout/include/stout/os/windows/jobobject.hpp ../../../../3rdparty/stout/include/stout/os/windows/kill.hpp ../../../../3rdparty/stout/include/stout/os/windows/killtree.hpp ../../../../3rdparty/stout/include/stout/os/windows/ls.hpp ../../../../3rdparty/stout/include/stout/os/windows/lseek.hpp ../../../../3rdparty/stout/include/stout/os/windows/mkdir.hpp ../../../../3rdparty/stout/include/stout/os/windows/mktemp.hpp ../../../../3rdparty/stout/include/stout/os/windows/mkdtemp.hpp ../../../../3rdparty/stout/include/stout/os/windows/open.hpp ../../../../3rdparty/stout/include/stout/os/windows/pagesize.hpp ../../../../3rdparty/stout/include/stout/os/windows/pipe.hpp ../../../../3rdparty/stout/include/stout/os/windows/read.hpp ../../../../3rdparty/stout/include/stout/os/windows/realpath.hpp ../../../../3rdparty/stout/include/stout/os/windows/rename.hpp ../../../../3rdparty/stout/include/stout/os/windows/rm.hpp ../../../../3rdparty/stout/include/stout/os/windows/rmdir.hpp ../../../../3rdparty/stout/include/stout/os/windows/sendfile.hpp ../../../../3rdparty/stout/include/stout/os/windows/shell.hpp ../../../../3rdparty/stout/include/stout/os/windows/socket.hpp ../../../../3rdparty/stout/include/stout/os/windows/stat.hpp ../../../../3rdparty/stout/include/stout/os/windows/su.hpp ../../../../3rdparty/stout/include/stout/os/windows/temp.hpp ../../../../3rdparty/stout/include/stout/os/windows/which.hpp ../../../../3rdparty/stout/include/stout/os/windows/write.hpp ../../../../3rdparty/stout/include/stout/os/windows/xattr.hpp '/usr/local/include/stout/os/windows'
 /bin/mkdir -p '/usr/local/include/stout/tests'
 /usr/bin/install -c -m 644  ../../../../3rdparty/stout/include/stout/tests/environment.hpp ../../../../3rdparty/stout/include/stout/tests/utils.hpp '/usr/local/include/stout/tests'
 /bin/mkdir -p '/usr/local/include/stout/flags'
 /usr/bin/install -c -m 644  ../../../../3rdparty/stout/include/stout/flags/fetch.hpp ../../../../3rdparty/stout/include/stout/flags/flag.hpp ../../../../3rdparty/stout/include/stout/flags/flags.hpp ../../../../3rdparty/stout/include/stout/flags/parse.hpp '/usr/local/include/stout/flags'
 /bin/mkdir -p '/usr/local/include/stout'
 /usr/bin/install -c -m 644  ../../../../3rdparty/stout/include/stout/os.hpp ../../../../3rdparty/stout/include/stout/path.hpp ../../../../3rdparty/stout/include/stout/overload.hpp ../../../../3rdparty/stout/include/stout/preprocessor.hpp ../../../../3rdparty/stout/include/stout/proc.hpp ../../../../3rdparty/stout/include/stout/protobuf.hpp ../../../../3rdparty/stout/include/stout/recordio.hpp ../../../../3rdparty/stout/include/stout/representation.hpp ../../../../3rdparty/stout/include/stout/result.hpp ../../../../3rdparty/stout/include/stout/result_of.hpp ../../../../3rdparty/stout/include/stout/set.hpp ../../../../3rdparty/stout/include/stout/some.hpp ../../../../3rdparty/stout/include/stout/stopwatch.hpp ../../../../3rdparty/stout/include/stout/stringify.hpp ../../../../3rdparty/stout/include/stout/strings.hpp ../../../../3rdparty/stout/include/stout/subcommand.hpp ../../../../3rdparty/stout/include/stout/svn.hpp ../../../../3rdparty/stout/include/stout/synchronized.hpp ../../../../3rdparty/stout/include/stout/try.hpp ../../../../3rdparty/stout/include/stout/traits.hpp ../../../../3rdparty/stout/include/stout/unimplemented.hpp ../../../../3rdparty/stout/include/stout/unreachable.hpp ../../../../3rdparty/stout/include/stout/uri.hpp ../../../../3rdparty/stout/include/stout/utils.hpp ../../../../3rdparty/stout/include/stout/uuid.hpp ../../../../3rdparty/stout/include/stout/variant.hpp ../../../../3rdparty/stout/include/stout/version.hpp ../../../../3rdparty/stout/include/stout/windows.hpp '/usr/local/include/stout'
 /bin/mkdir -p '/usr/local/include/stout/internal/windows'
 /usr/bin/install -c -m 644  ../../../../3rdparty/stout/include/stout/internal/windows/attributes.hpp ../../../../3rdparty/stout/include/stout/internal/windows/grp.hpp ../../../../3rdparty/stout/include/stout/internal/windows/longpath.hpp ../../../../3rdparty/stout/include/stout/internal/windows/pwd.hpp ../../../../3rdparty/stout/include/stout/internal/windows/reparsepoint.hpp ../../../../3rdparty/stout/include/stout/internal/windows/symlink.hpp '/usr/local/include/stout/internal/windows'
 /bin/mkdir -p '/usr/local/include/stout/os/raw'
 /usr/bin/install -c -m 644  ../../../../3rdparty/stout/include/stout/os/raw/argv.hpp ../../../../3rdparty/stout/include/stout/os/raw/environment.hpp '/usr/local/include/stout/os/raw'
 /bin/mkdir -p '/usr/local/include/stout/os'
 /usr/bin/install -c -m 644  ../../../../3rdparty/stout/include/stout/os/sendfile.hpp ../../../../3rdparty/stout/include/stout/os/shell.hpp ../../../../3rdparty/stout/include/stout/os/signals.hpp ../../../../3rdparty/stout/include/stout/os/socket.hpp ../../../../3rdparty/stout/include/stout/os/stat.hpp ../../../../3rdparty/stout/include/stout/os/strerror.hpp ../../../../3rdparty/stout/include/stout/os/su.hpp ../../../../3rdparty/stout/include/stout/os/sysctl.hpp ../../../../3rdparty/stout/include/stout/os/temp.hpp ../../../../3rdparty/stout/include/stout/os/touch.hpp ../../../../3rdparty/stout/include/stout/os/utime.hpp ../../../../3rdparty/stout/include/stout/os/wait.hpp ../../../../3rdparty/stout/include/stout/os/which.hpp ../../../../3rdparty/stout/include/stout/os/write.hpp ../../../../3rdparty/stout/include/stout/os/xattr.hpp '/usr/local/include/stout/os'
 /bin/mkdir -p '/usr/local/include/stout/windows'
 /usr/bin/install -c -m 644  ../../../../3rdparty/stout/include/stout/windows/dynamiclibrary.hpp ../../../../3rdparty/stout/include/stout/windows/error.hpp ../../../../3rdparty/stout/include/stout/windows/format.hpp ../../../../3rdparty/stout/include/stout/windows/fs.hpp ../../../../3rdparty/stout/include/stout/windows/ip.hpp ../../../../3rdparty/stout/include/stout/windows/mac.hpp ../../../../3rdparty/stout/include/stout/windows/net.hpp ../../../../3rdparty/stout/include/stout/windows/os.hpp '/usr/local/include/stout/windows'
 /bin/mkdir -p '/usr/local/include/stout/posix'
 /usr/bin/install -c -m 644  ../../../../3rdparty/stout/include/stout/posix/dynamiclibrary.hpp ../../../../3rdparty/stout/include/stout/posix/fs.hpp ../../../../3rdparty/stout/include/stout/posix/ip.hpp ../../../../3rdparty/stout/include/stout/posix/mac.hpp ../../../../3rdparty/stout/include/stout/posix/net.hpp ../../../../3rdparty/stout/include/stout/posix/os.hpp '/usr/local/include/stout/posix'
make[6]: Leaving directory '/root/mesos-1.6.1/build/3rdparty/stout/include'
make[5]: Leaving directory '/root/mesos-1.6.1/build/3rdparty/stout/include'
make[4]: Leaving directory '/root/mesos-1.6.1/build/3rdparty/stout'
make[3]: Leaving directory '/root/mesos-1.6.1/build/3rdparty/stout'
Making install in libprocess
make[3]: Entering directory '/root/mesos-1.6.1/build/3rdparty/libprocess'
make  install-recursive
make[4]: Entering directory '/root/mesos-1.6.1/build/3rdparty/libprocess'
Making install in .
make[5]: Entering directory '/root/mesos-1.6.1/build/3rdparty/libprocess'
make[6]: Entering directory '/root/mesos-1.6.1/build/3rdparty/libprocess'
make[6]: Nothing to be done for 'install-exec-am'.
make[6]: Nothing to be done for 'install-data-am'.
make[6]: Leaving directory '/root/mesos-1.6.1/build/3rdparty/libprocess'
make[5]: Leaving directory '/root/mesos-1.6.1/build/3rdparty/libprocess'
Making install in include
make[5]: Entering directory '/root/mesos-1.6.1/build/3rdparty/libprocess/include'
make[6]: Entering directory '/root/mesos-1.6.1/build/3rdparty/libprocess/include'
make[6]: Nothing to be done for 'install-exec-am'.
 /bin/mkdir -p '/usr/local/include'
 /bin/mkdir -p '/usr/local/include/process'
 /usr/bin/install -c -m 644  ../../../../3rdparty/libprocess/include/process/address.hpp ../../../../3rdparty/libprocess/include/process/after.hpp ../../../../3rdparty/libprocess/include/process/authenticator.hpp ../../../../3rdparty/libprocess/include/process/async.hpp ../../../../3rdparty/libprocess/include/process/check.hpp ../../../../3rdparty/libprocess/include/process/clock.hpp ../../../../3rdparty/libprocess/include/process/collect.hpp ../../../../3rdparty/libprocess/include/process/count_down_latch.hpp ../../../../3rdparty/libprocess/include/process/defer.hpp ../../../../3rdparty/libprocess/include/process/deferred.hpp ../../../../3rdparty/libprocess/include/process/delay.hpp ../../../../3rdparty/libprocess/include/process/dispatch.hpp ../../../../3rdparty/libprocess/include/process/event.hpp ../../../../3rdparty/libprocess/include/process/executor.hpp ../../../../3rdparty/libprocess/include/process/filter.hpp ../../../../3rdparty/libprocess/include/process/firewall.hpp ../../../../3rdparty/libprocess/include/process/future.hpp ../../../../3rdparty/libprocess/include/process/gmock.hpp ../../../../3rdparty/libprocess/include/process/grpc.hpp ../../../../3rdparty/libprocess/include/process/gtest.hpp ../../../../3rdparty/libprocess/include/process/gtest_constants.hpp ../../../../3rdparty/libprocess/include/process/help.hpp ../../../../3rdparty/libprocess/include/process/http.hpp ../../../../3rdparty/libprocess/include/process/id.hpp ../../../../3rdparty/libprocess/include/process/io.hpp ../../../../3rdparty/libprocess/include/process/jwt.hpp ../../../../3rdparty/libprocess/include/process/latch.hpp ../../../../3rdparty/libprocess/include/process/limiter.hpp ../../../../3rdparty/libprocess/include/process/logging.hpp ../../../../3rdparty/libprocess/include/process/loop.hpp ../../../../3rdparty/libprocess/include/process/message.hpp ../../../../3rdparty/libprocess/include/process/mime.hpp ../../../../3rdparty/libprocess/include/process/mutex.hpp ../../../../3rdparty/libprocess/include/process/network.hpp ../../../../3rdparty/libprocess/include/process/once.hpp ../../../../3rdparty/libprocess/include/process/owned.hpp ../../../../3rdparty/libprocess/include/process/pid.hpp ../../../../3rdparty/libprocess/include/process/process.hpp ../../../../3rdparty/libprocess/include/process/profiler.hpp ../../../../3rdparty/libprocess/include/process/protobuf.hpp '/usr/local/include/process'
 /bin/mkdir -p '/usr/local/include/process/ssl'
 /usr/bin/install -c -m 644  ../../../../3rdparty/libprocess/include/process/ssl/flags.hpp ../../../../3rdparty/libprocess/include/process/ssl/gtest.hpp ../../../../3rdparty/libprocess/include/process/ssl/utilities.hpp '/usr/local/include/process/ssl'
 /bin/mkdir -p '/usr/local/include/process/metrics'
 /usr/bin/install -c -m 644  ../../../../3rdparty/libprocess/include/process/metrics/counter.hpp ../../../../3rdparty/libprocess/include/process/metrics/pull_gauge.hpp ../../../../3rdparty/libprocess/include/process/metrics/push_gauge.hpp ../../../../3rdparty/libprocess/include/process/metrics/metric.hpp ../../../../3rdparty/libprocess/include/process/metrics/metrics.hpp ../../../../3rdparty/libprocess/include/process/metrics/timer.hpp '/usr/local/include/process/metrics'
 /bin/mkdir -p '/usr/local/include/process'
 /usr/bin/install -c -m 644  ../../../../3rdparty/libprocess/include/process/queue.hpp ../../../../3rdparty/libprocess/include/process/reap.hpp ../../../../3rdparty/libprocess/include/process/run.hpp ../../../../3rdparty/libprocess/include/process/rwlock.hpp ../../../../3rdparty/libprocess/include/process/sequence.hpp ../../../../3rdparty/libprocess/include/process/shared.hpp ../../../../3rdparty/libprocess/include/process/socket.hpp ../../../../3rdparty/libprocess/include/process/state_machine.hpp ../../../../3rdparty/libprocess/include/process/statistics.hpp ../../../../3rdparty/libprocess/include/process/system.hpp ../../../../3rdparty/libprocess/include/process/subprocess.hpp ../../../../3rdparty/libprocess/include/process/time.hpp ../../../../3rdparty/libprocess/include/process/timeout.hpp ../../../../3rdparty/libprocess/include/process/timer.hpp ../../../../3rdparty/libprocess/include/process/timeseries.hpp '/usr/local/include/process'
make[6]: Leaving directory '/root/mesos-1.6.1/build/3rdparty/libprocess/include'
make[5]: Leaving directory '/root/mesos-1.6.1/build/3rdparty/libprocess/include'
make[4]: Leaving directory '/root/mesos-1.6.1/build/3rdparty/libprocess'
make[3]: Leaving directory '/root/mesos-1.6.1/build/3rdparty/libprocess'
make[2]: Leaving directory '/root/mesos-1.6.1/build/3rdparty'
make[1]: Leaving directory '/root/mesos-1.6.1/build/3rdparty'
Making install in src
make[1]: Entering directory '/root/mesos-1.6.1/build/src'
make  install-am
make[2]: Entering directory '/root/mesos-1.6.1/build/src'
test "../.." = ".." ||			\
	(/bin/mkdir -p python/cli/src/mesos && cp -pf ../../src/python/cli/src/mesos/__init__.py python/cli/src/mesos/__init__.py)
test "../.." = ".." ||			\
	(/bin/mkdir -p python/cli/src/mesos && cp -pf ../../src/python/cli/src/mesos/cli.py python/cli/src/mesos/cli.py)
test "../.." = ".." ||			\
	(/bin/mkdir -p python/cli/src/mesos && cp -pf ../../src/python/cli/src/mesos/futures.py python/cli/src/mesos/futures.py)
test "../.." = ".." ||			\
	(/bin/mkdir -p python/cli/src/mesos && cp -pf ../../src/python/cli/src/mesos/http.py python/cli/src/mesos/http.py)
test "../.." = ".." ||			\
	(/bin/mkdir -p python/interface/src/mesos && cp -pf ../../src/python/interface/src/mesos/__init__.py python/interface/src/mesos/__init__.py)
test "../.." = ".." ||			\
	(/bin/mkdir -p python/interface/src/mesos/interface && cp -pf ../../src/python/interface/src/mesos/interface/__init__.py python/interface/src/mesos/interface/__init__.py)
test "../.." = ".." ||			\
	(/bin/mkdir -p python/interface/src/mesos/v1 && cp -pf ../../src/python/interface/src/mesos/v1/__init__.py python/interface/src/mesos/v1/__init__.py)
test "../.." = ".." ||			\
	(/bin/mkdir -p python/interface/src/mesos/v1/interface && cp -pf ../../src/python/interface/src/mesos/v1/interface/__init__.py python/interface/src/mesos/v1/interface/__init__.py)
test "../.." = ".." ||			\
	(/bin/mkdir -p python/native_common && cp -pf ../../src/python/native_common/common.hpp python/native_common/common.hpp)
test "../.." = ".." ||			\
	(/bin/mkdir -p python/native/src/mesos && cp -pf ../../src/python/native/src/mesos/__init__.py python/native/src/mesos/__init__.py)
test "../.." = ".." ||			\
	(/bin/mkdir -p python/native/src/mesos/native && cp -pf ../../src/python/native/src/mesos/native/__init__.py python/native/src/mesos/native/__init__.py)
test "../.." = ".." ||			\
	(/bin/mkdir -p python/executor/src/mesos && cp -pf ../../src/python/executor/src/mesos/__init__.py python/executor/src/mesos/__init__.py)
test "../.." = ".." ||			\
	(/bin/mkdir -p python/executor/src/mesos/executor && cp -pf ../../src/python/executor/src/mesos/executor/__init__.py python/executor/src/mesos/executor/__init__.py)
test "../.." = ".." ||			\
	(/bin/mkdir -p python/executor/src/mesos/executor && cp -pf ../../src/python/executor/src/mesos/executor/mesos_executor_driver_impl.cpp python/executor/src/mesos/executor/mesos_executor_driver_impl.cpp)
test "../.." = ".." ||			\
	(/bin/mkdir -p python/executor/src/mesos/executor && cp -pf ../../src/python/executor/src/mesos/executor/mesos_executor_driver_impl.hpp python/executor/src/mesos/executor/mesos_executor_driver_impl.hpp)
test "../.." = ".." ||			\
	(/bin/mkdir -p python/executor/src/mesos/executor && cp -pf ../../src/python/executor/src/mesos/executor/module.cpp python/executor/src/mesos/executor/module.cpp)
test "../.." = ".." ||			\
	(/bin/mkdir -p python/executor/src/mesos/executor && cp -pf ../../src/python/executor/src/mesos/executor/proxy_executor.cpp python/executor/src/mesos/executor/proxy_executor.cpp)
test "../.." = ".." ||			\
	(/bin/mkdir -p python/executor/src/mesos/executor && cp -pf ../../src/python/executor/src/mesos/executor/proxy_executor.hpp python/executor/src/mesos/executor/proxy_executor.hpp)
test "../.." = ".." ||			\
	(/bin/mkdir -p python/scheduler/src/mesos && cp -pf ../../src/python/scheduler/src/mesos/__init__.py python/scheduler/src/mesos/__init__.py)
test "../.." = ".." ||			\
	(/bin/mkdir -p python/scheduler/src/mesos/scheduler && cp -pf ../../src/python/scheduler/src/mesos/scheduler/__init__.py python/scheduler/src/mesos/scheduler/__init__.py)
test "../.." = ".." ||			\
	(/bin/mkdir -p python/scheduler/src/mesos/scheduler && cp -pf ../../src/python/scheduler/src/mesos/scheduler/mesos_scheduler_driver_impl.cpp python/scheduler/src/mesos/scheduler/mesos_scheduler_driver_impl.cpp)
test "../.." = ".." ||			\
	(/bin/mkdir -p python/scheduler/src/mesos/scheduler && cp -pf ../../src/python/scheduler/src/mesos/scheduler/mesos_scheduler_driver_impl.hpp python/scheduler/src/mesos/scheduler/mesos_scheduler_driver_impl.hpp)
test "../.." = ".." ||			\
	(/bin/mkdir -p python/scheduler/src/mesos/scheduler && cp -pf ../../src/python/scheduler/src/mesos/scheduler/module.cpp python/scheduler/src/mesos/scheduler/module.cpp)
test "../.." = ".." ||			\
	(/bin/mkdir -p python/scheduler/src/mesos/scheduler && cp -pf ../../src/python/scheduler/src/mesos/scheduler/proxy_scheduler.cpp python/scheduler/src/mesos/scheduler/proxy_scheduler.cpp)
test "../.." = ".." ||			\
	(/bin/mkdir -p python/scheduler/src/mesos/scheduler && cp -pf ../../src/python/scheduler/src/mesos/scheduler/proxy_scheduler.hpp python/scheduler/src/mesos/scheduler/proxy_scheduler.hpp)
test "../.." = ".." ||			\
	(/bin/mkdir -p python/src/mesos && cp -pf ../../src/python/src/mesos/__init__.py python/src/mesos/__init__.py)
running bdist_egg
running egg_info
writing requirements to src/mesos.egg-info/requires.txt
writing src/mesos.egg-info/PKG-INFO
writing top-level names to src/mesos.egg-info/top_level.txt
writing dependency_links to src/mesos.egg-info/dependency_links.txt
reading manifest file 'src/mesos.egg-info/SOURCES.txt'
writing manifest file 'src/mesos.egg-info/SOURCES.txt'
installing library code to build/bdist.linux-x86_64/egg
running install_lib
running build_py
creating build/bdist.linux-x86_64/egg
creating build/bdist.linux-x86_64/egg/mesos
copying build/lib.linux-x86_64-2.7/mesos/__init__.py -> build/bdist.linux-x86_64/egg/mesos
byte-compiling build/bdist.linux-x86_64/egg/mesos/__init__.py to __init__.pyc
creating build/bdist.linux-x86_64/egg/EGG-INFO
copying src/mesos.egg-info/PKG-INFO -> build/bdist.linux-x86_64/egg/EGG-INFO
copying src/mesos.egg-info/SOURCES.txt -> build/bdist.linux-x86_64/egg/EGG-INFO
copying src/mesos.egg-info/dependency_links.txt -> build/bdist.linux-x86_64/egg/EGG-INFO
copying src/mesos.egg-info/requires.txt -> build/bdist.linux-x86_64/egg/EGG-INFO
copying src/mesos.egg-info/top_level.txt -> build/bdist.linux-x86_64/egg/EGG-INFO
zip_safe flag not set; analyzing archive contents...
mesos.__init__: module references __path__
creating '/root/mesos-1.6.1/build/src/python/dist/mesos-1.6.1-py2.7.egg' and adding 'build/bdist.linux-x86_64/egg' to it
removing 'build/bdist.linux-x86_64/egg' (and everything under it)
running bdist_wheel
running build
installing to build/bdist.linux-x86_64/wheel
running install
running install_lib
creating build/bdist.linux-x86_64/wheel
creating build/bdist.linux-x86_64/wheel/mesos
copying build/lib.linux-x86_64-2.7/mesos/__init__.py -> build/bdist.linux-x86_64/wheel/mesos
running install_egg_info
Copying src/mesos.egg-info to build/bdist.linux-x86_64/wheel/mesos-1.6.1-py2.7.egg-info
running install_scripts
creating build/bdist.linux-x86_64/wheel/mesos-1.6.1.dist-info/WHEEL
running bdist_egg
running egg_info
writing src/mesos.cli.egg-info/PKG-INFO
writing namespace_packages to src/mesos.cli.egg-info/namespace_packages.txt
writing top-level names to src/mesos.cli.egg-info/top_level.txt
writing dependency_links to src/mesos.cli.egg-info/dependency_links.txt
reading manifest file 'src/mesos.cli.egg-info/SOURCES.txt'
writing manifest file 'src/mesos.cli.egg-info/SOURCES.txt'
installing library code to build/bdist.linux-x86_64/egg
running install_lib
running build_py
creating build/bdist.linux-x86_64/egg
creating build/bdist.linux-x86_64/egg/mesos
copying build/lib.linux-x86_64-2.7/mesos/http.py -> build/bdist.linux-x86_64/egg/mesos
copying build/lib.linux-x86_64-2.7/mesos/cli.py -> build/bdist.linux-x86_64/egg/mesos
copying build/lib.linux-x86_64-2.7/mesos/__init__.py -> build/bdist.linux-x86_64/egg/mesos
copying build/lib.linux-x86_64-2.7/mesos/futures.py -> build/bdist.linux-x86_64/egg/mesos
byte-compiling build/bdist.linux-x86_64/egg/mesos/http.py to http.pyc
byte-compiling build/bdist.linux-x86_64/egg/mesos/cli.py to cli.pyc
byte-compiling build/bdist.linux-x86_64/egg/mesos/__init__.py to __init__.pyc
byte-compiling build/bdist.linux-x86_64/egg/mesos/futures.py to futures.pyc
creating build/bdist.linux-x86_64/egg/EGG-INFO
copying src/mesos.cli.egg-info/PKG-INFO -> build/bdist.linux-x86_64/egg/EGG-INFO
copying src/mesos.cli.egg-info/SOURCES.txt -> build/bdist.linux-x86_64/egg/EGG-INFO
copying src/mesos.cli.egg-info/dependency_links.txt -> build/bdist.linux-x86_64/egg/EGG-INFO
copying src/mesos.cli.egg-info/namespace_packages.txt -> build/bdist.linux-x86_64/egg/EGG-INFO
copying src/mesos.cli.egg-info/top_level.txt -> build/bdist.linux-x86_64/egg/EGG-INFO
zip_safe flag not set; analyzing archive contents...
mesos.__init__: module references __path__
creating '/root/mesos-1.6.1/build/src/python/dist/mesos.cli-1.6.1-py2.7.egg' and adding 'build/bdist.linux-x86_64/egg' to it
removing 'build/bdist.linux-x86_64/egg' (and everything under it)
running bdist_wheel
running build
installing to build/bdist.linux-x86_64/wheel
running install
running install_lib
copying mesos/http.py -> build/bdist.linux-x86_64/wheel/mesos
copying mesos/cli.py -> build/bdist.linux-x86_64/wheel/mesos
Skipping installation of build/bdist.linux-x86_64/wheel/mesos/__init__.py (namespace package)
copying mesos/futures.py -> build/bdist.linux-x86_64/wheel/mesos
running install_egg_info
Copying src/mesos.cli.egg-info to build/bdist.linux-x86_64/wheel/mesos.cli-1.6.1-py2.7.egg-info
Installing build/bdist.linux-x86_64/wheel/mesos.cli-1.6.1-py2.7-nspkg.pth
running install_scripts
creating build/bdist.linux-x86_64/wheel/mesos.cli-1.6.1.dist-info/WHEEL
running bdist_egg
running egg_info
writing requirements to src/mesos.executor.egg-info/requires.txt
writing src/mesos.executor.egg-info/PKG-INFO
writing namespace_packages to src/mesos.executor.egg-info/namespace_packages.txt
writing top-level names to src/mesos.executor.egg-info/top_level.txt
writing dependency_links to src/mesos.executor.egg-info/dependency_links.txt
reading manifest file 'src/mesos.executor.egg-info/SOURCES.txt'
writing manifest file 'src/mesos.executor.egg-info/SOURCES.txt'
installing library code to build/bdist.linux-x86_64/egg
running install_lib
running build_py
running build_ext
creating build/bdist.linux-x86_64/egg
creating build/bdist.linux-x86_64/egg/mesos
creating build/bdist.linux-x86_64/egg/mesos/executor
copying build/lib.linux-x86_64-2.7/mesos/executor/_executor.so -> build/bdist.linux-x86_64/egg/mesos/executor
copying build/lib.linux-x86_64-2.7/mesos/executor/__init__.py -> build/bdist.linux-x86_64/egg/mesos/executor
copying build/lib.linux-x86_64-2.7/mesos/__init__.py -> build/bdist.linux-x86_64/egg/mesos
byte-compiling build/bdist.linux-x86_64/egg/mesos/executor/__init__.py to __init__.pyc
byte-compiling build/bdist.linux-x86_64/egg/mesos/__init__.py to __init__.pyc
creating stub loader for mesos/executor/_executor.so
byte-compiling build/bdist.linux-x86_64/egg/mesos/executor/_executor.py to _executor.pyc
creating build/bdist.linux-x86_64/egg/EGG-INFO
copying src/mesos.executor.egg-info/PKG-INFO -> build/bdist.linux-x86_64/egg/EGG-INFO
copying src/mesos.executor.egg-info/SOURCES.txt -> build/bdist.linux-x86_64/egg/EGG-INFO
copying src/mesos.executor.egg-info/dependency_links.txt -> build/bdist.linux-x86_64/egg/EGG-INFO
copying src/mesos.executor.egg-info/namespace_packages.txt -> build/bdist.linux-x86_64/egg/EGG-INFO
copying src/mesos.executor.egg-info/requires.txt -> build/bdist.linux-x86_64/egg/EGG-INFO
copying src/mesos.executor.egg-info/top_level.txt -> build/bdist.linux-x86_64/egg/EGG-INFO
writing build/bdist.linux-x86_64/egg/EGG-INFO/native_libs.txt
zip_safe flag not set; analyzing archive contents...
mesos.__init__: module references __path__
creating '/root/mesos-1.6.1/build/src/python/dist/mesos.executor-1.6.1-py2.7-linux-x86_64.egg' and adding 'build/bdist.linux-x86_64/egg' to it
removing 'build/bdist.linux-x86_64/egg' (and everything under it)
running bdist_wheel
running build
installing to build/bdist.linux-x86_64/wheel
running install
running install_lib
Skipping installation of build/bdist.linux-x86_64/wheel/mesos/__init__.py (namespace package)
copying mesos/executor/_executor.so -> build/bdist.linux-x86_64/wheel/mesos/executor
copying mesos/executor/__init__.py -> build/bdist.linux-x86_64/wheel/mesos/executor
running install_egg_info
Copying src/mesos.executor.egg-info to build/bdist.linux-x86_64/wheel/mesos.executor-1.6.1-py2.7.egg-info
Installing build/bdist.linux-x86_64/wheel/mesos.executor-1.6.1-py2.7-nspkg.pth
running install_scripts
creating build/bdist.linux-x86_64/wheel/mesos.executor-1.6.1.dist-info/WHEEL
running bdist_egg
running egg_info
writing requirements to src/mesos.interface.egg-info/requires.txt
writing src/mesos.interface.egg-info/PKG-INFO
writing namespace_packages to src/mesos.interface.egg-info/namespace_packages.txt
writing top-level names to src/mesos.interface.egg-info/top_level.txt
writing dependency_links to src/mesos.interface.egg-info/dependency_links.txt
reading manifest file 'src/mesos.interface.egg-info/SOURCES.txt'
writing manifest file 'src/mesos.interface.egg-info/SOURCES.txt'
installing library code to build/bdist.linux-x86_64/egg
running install_lib
running build_py
creating build/bdist.linux-x86_64/egg
creating build/bdist.linux-x86_64/egg/mesos
creating build/bdist.linux-x86_64/egg/mesos/interface
copying build/lib.linux-x86_64-2.7/mesos/interface/mesos_pb2.py -> build/bdist.linux-x86_64/egg/mesos/interface
copying build/lib.linux-x86_64-2.7/mesos/interface/__init__.py -> build/bdist.linux-x86_64/egg/mesos/interface
copying build/lib.linux-x86_64-2.7/mesos/__init__.py -> build/bdist.linux-x86_64/egg/mesos
byte-compiling build/bdist.linux-x86_64/egg/mesos/interface/mesos_pb2.py to mesos_pb2.pyc
byte-compiling build/bdist.linux-x86_64/egg/mesos/interface/__init__.py to __init__.pyc
byte-compiling build/bdist.linux-x86_64/egg/mesos/__init__.py to __init__.pyc
creating build/bdist.linux-x86_64/egg/EGG-INFO
copying src/mesos.interface.egg-info/PKG-INFO -> build/bdist.linux-x86_64/egg/EGG-INFO
copying src/mesos.interface.egg-info/SOURCES.txt -> build/bdist.linux-x86_64/egg/EGG-INFO
copying src/mesos.interface.egg-info/dependency_links.txt -> build/bdist.linux-x86_64/egg/EGG-INFO
copying src/mesos.interface.egg-info/namespace_packages.txt -> build/bdist.linux-x86_64/egg/EGG-INFO
copying src/mesos.interface.egg-info/requires.txt -> build/bdist.linux-x86_64/egg/EGG-INFO
copying src/mesos.interface.egg-info/top_level.txt -> build/bdist.linux-x86_64/egg/EGG-INFO
zip_safe flag not set; analyzing archive contents...
mesos.__init__: module references __path__
creating '/root/mesos-1.6.1/build/src/python/dist/mesos.interface-1.6.1-py2.7.egg' and adding 'build/bdist.linux-x86_64/egg' to it
removing 'build/bdist.linux-x86_64/egg' (and everything under it)
running bdist_wheel
running build
installing to build/bdist.linux-x86_64/wheel
running install
running install_lib
Skipping installation of build/bdist.linux-x86_64/wheel/mesos/__init__.py (namespace package)
copying mesos/interface/mesos_pb2.py -> build/bdist.linux-x86_64/wheel/mesos/interface
copying mesos/interface/__init__.py -> build/bdist.linux-x86_64/wheel/mesos/interface
running install_egg_info
Copying src/mesos.interface.egg-info to build/bdist.linux-x86_64/wheel/mesos.interface-1.6.1-py2.7.egg-info
Installing build/bdist.linux-x86_64/wheel/mesos.interface-1.6.1-py2.7-nspkg.pth
running install_scripts
creating build/bdist.linux-x86_64/wheel/mesos.interface-1.6.1.dist-info/WHEEL
running bdist_egg
running egg_info
writing requirements to src/mesos.native.egg-info/requires.txt
writing src/mesos.native.egg-info/PKG-INFO
writing namespace_packages to src/mesos.native.egg-info/namespace_packages.txt
writing top-level names to src/mesos.native.egg-info/top_level.txt
writing dependency_links to src/mesos.native.egg-info/dependency_links.txt
reading manifest file 'src/mesos.native.egg-info/SOURCES.txt'
writing manifest file 'src/mesos.native.egg-info/SOURCES.txt'
installing library code to build/bdist.linux-x86_64/egg
running install_lib
running build_py
creating build/bdist.linux-x86_64/egg
creating build/bdist.linux-x86_64/egg/mesos
creating build/bdist.linux-x86_64/egg/mesos/native
copying build/lib.linux-x86_64-2.7/mesos/native/__init__.py -> build/bdist.linux-x86_64/egg/mesos/native
copying build/lib.linux-x86_64-2.7/mesos/__init__.py -> build/bdist.linux-x86_64/egg/mesos
byte-compiling build/bdist.linux-x86_64/egg/mesos/native/__init__.py to __init__.pyc
byte-compiling build/bdist.linux-x86_64/egg/mesos/__init__.py to __init__.pyc
creating build/bdist.linux-x86_64/egg/EGG-INFO
copying src/mesos.native.egg-info/PKG-INFO -> build/bdist.linux-x86_64/egg/EGG-INFO
copying src/mesos.native.egg-info/SOURCES.txt -> build/bdist.linux-x86_64/egg/EGG-INFO
copying src/mesos.native.egg-info/dependency_links.txt -> build/bdist.linux-x86_64/egg/EGG-INFO
copying src/mesos.native.egg-info/namespace_packages.txt -> build/bdist.linux-x86_64/egg/EGG-INFO
copying src/mesos.native.egg-info/requires.txt -> build/bdist.linux-x86_64/egg/EGG-INFO
copying src/mesos.native.egg-info/top_level.txt -> build/bdist.linux-x86_64/egg/EGG-INFO
zip_safe flag not set; analyzing archive contents...
mesos.__init__: module references __path__
creating '/root/mesos-1.6.1/build/src/python/dist/mesos.native-1.6.1-py2.7.egg' and adding 'build/bdist.linux-x86_64/egg' to it
removing 'build/bdist.linux-x86_64/egg' (and everything under it)
running bdist_wheel
running build
installing to build/bdist.linux-x86_64/wheel
running install
running install_lib
Skipping installation of build/bdist.linux-x86_64/wheel/mesos/__init__.py (namespace package)
copying mesos/native/__init__.py -> build/bdist.linux-x86_64/wheel/mesos/native
running install_egg_info
Copying src/mesos.native.egg-info to build/bdist.linux-x86_64/wheel/mesos.native-1.6.1-py2.7.egg-info
Installing build/bdist.linux-x86_64/wheel/mesos.native-1.6.1-py2.7-nspkg.pth
running install_scripts
creating build/bdist.linux-x86_64/wheel/mesos.native-1.6.1.dist-info/WHEEL
running bdist_egg
running egg_info
writing requirements to src/mesos.scheduler.egg-info/requires.txt
writing src/mesos.scheduler.egg-info/PKG-INFO
writing namespace_packages to src/mesos.scheduler.egg-info/namespace_packages.txt
writing top-level names to src/mesos.scheduler.egg-info/top_level.txt
writing dependency_links to src/mesos.scheduler.egg-info/dependency_links.txt
reading manifest file 'src/mesos.scheduler.egg-info/SOURCES.txt'
writing manifest file 'src/mesos.scheduler.egg-info/SOURCES.txt'
installing library code to build/bdist.linux-x86_64/egg
running install_lib
running build_py
running build_ext
creating build/bdist.linux-x86_64/egg
creating build/bdist.linux-x86_64/egg/mesos
copying build/lib.linux-x86_64-2.7/mesos/__init__.py -> build/bdist.linux-x86_64/egg/mesos
creating build/bdist.linux-x86_64/egg/mesos/scheduler
copying build/lib.linux-x86_64-2.7/mesos/scheduler/_scheduler.so -> build/bdist.linux-x86_64/egg/mesos/scheduler
copying build/lib.linux-x86_64-2.7/mesos/scheduler/__init__.py -> build/bdist.linux-x86_64/egg/mesos/scheduler
byte-compiling build/bdist.linux-x86_64/egg/mesos/__init__.py to __init__.pyc
byte-compiling build/bdist.linux-x86_64/egg/mesos/scheduler/__init__.py to __init__.pyc
creating stub loader for mesos/scheduler/_scheduler.so
byte-compiling build/bdist.linux-x86_64/egg/mesos/scheduler/_scheduler.py to _scheduler.pyc
creating build/bdist.linux-x86_64/egg/EGG-INFO
copying src/mesos.scheduler.egg-info/PKG-INFO -> build/bdist.linux-x86_64/egg/EGG-INFO
copying src/mesos.scheduler.egg-info/SOURCES.txt -> build/bdist.linux-x86_64/egg/EGG-INFO
copying src/mesos.scheduler.egg-info/dependency_links.txt -> build/bdist.linux-x86_64/egg/EGG-INFO
copying src/mesos.scheduler.egg-info/namespace_packages.txt -> build/bdist.linux-x86_64/egg/EGG-INFO
copying src/mesos.scheduler.egg-info/requires.txt -> build/bdist.linux-x86_64/egg/EGG-INFO
copying src/mesos.scheduler.egg-info/top_level.txt -> build/bdist.linux-x86_64/egg/EGG-INFO
writing build/bdist.linux-x86_64/egg/EGG-INFO/native_libs.txt
zip_safe flag not set; analyzing archive contents...
mesos.__init__: module references __path__
creating '/root/mesos-1.6.1/build/src/python/dist/mesos.scheduler-1.6.1-py2.7-linux-x86_64.egg' and adding 'build/bdist.linux-x86_64/egg' to it
removing 'build/bdist.linux-x86_64/egg' (and everything under it)
running bdist_wheel
running build
installing to build/bdist.linux-x86_64/wheel
running install
running install_lib
Skipping installation of build/bdist.linux-x86_64/wheel/mesos/__init__.py (namespace package)
copying mesos/scheduler/_scheduler.so -> build/bdist.linux-x86_64/wheel/mesos/scheduler
copying mesos/scheduler/__init__.py -> build/bdist.linux-x86_64/wheel/mesos/scheduler
running install_egg_info
Copying src/mesos.scheduler.egg-info to build/bdist.linux-x86_64/wheel/mesos.scheduler-1.6.1-py2.7.egg-info
Installing build/bdist.linux-x86_64/wheel/mesos.scheduler-1.6.1-py2.7-nspkg.pth
running install_scripts
creating build/bdist.linux-x86_64/wheel/mesos.scheduler-1.6.1.dist-info/WHEEL
make[3]: Entering directory '/root/mesos-1.6.1/build/src'
 /bin/mkdir -p '/usr/local/lib'
 /bin/bash ../libtool   --mode=install /usr/bin/install -c   libmesos.la '/usr/local/lib'
libtool: install: /usr/bin/install -c .libs/libmesos-1.6.1.so /usr/local/lib/libmesos-1.6.1.so
libtool: install: (cd /usr/local/lib && { ln -s -f libmesos-1.6.1.so libmesos.so || { rm -f libmesos.so && ln -s libmesos-1.6.1.so libmesos.so; }; })
libtool: install: /usr/bin/install -c .libs/libmesos.lai /usr/local/lib/libmesos.la
libtool: finish: PATH="/usr/local/sbin:/usr/local/bin:/usr/sbin:/usr/bin:/sbin:/bin:/snap/bin:/sbin" ldconfig -n /usr/local/lib
----------------------------------------------------------------------
Libraries have been installed in:
   /usr/local/lib

If you ever happen to want to link against installed libraries
in a given directory, LIBDIR, you must either use libtool, and
specify the full pathname of the library, or use the `-LLIBDIR'
flag during linking and do at least one of the following:
   - add LIBDIR to the `LD_LIBRARY_PATH' environment variable
     during execution
   - add LIBDIR to the `LD_RUN_PATH' environment variable
     during linking
   - use the `-Wl,-rpath -Wl,LIBDIR' linker flag
   - have your system administrator add LIBDIR to `/etc/ld.so.conf'

See any operating system documentation about shared libraries for
more information, such as the ld(1) and ld.so(8) manual pages.
----------------------------------------------------------------------
 /bin/mkdir -p '/usr/local/bin'
  /bin/bash ../libtool   --mode=install /usr/bin/install -c mesos-local mesos-log mesos-execute mesos-resolve mesos '/usr/local/bin'
libtool: install: /usr/bin/install -c .libs/mesos-local /usr/local/bin/mesos-local
libtool: install: /usr/bin/install -c .libs/mesos-log /usr/local/bin/mesos-log
libtool: install: /usr/bin/install -c .libs/mesos-execute /usr/local/bin/mesos-execute
libtool: install: /usr/bin/install -c .libs/mesos-resolve /usr/local/bin/mesos-resolve
libtool: install: /usr/bin/install -c .libs/mesos /usr/local/bin/mesos
 /bin/mkdir -p '/usr/local/bin'
 /usr/bin/install -c ../../src/cli/mesos-cat ../../src/cli/mesos-ps ../../src/cli/mesos-scp ../../src/cli/mesos-tail '/usr/local/bin'
cd python/dist &&						\
for whl in python/dist/mesos-1.6.1-py2-none-any.whl python/dist/mesos.cli-1.6.1-py2-none-any.whl python/dist/mesos.executor-1.6.1-cp27-none-linux_x86_64.whl python/dist/mesos.interface-1.6.1-py2-none-any.whl python/dist/mesos.native-1.6.1-py2-none-any.whl python/dist/mesos.scheduler-1.6.1-cp27-none-linux_x86_64.whl; do					\
  PYTHONPATH=/usr/local/lib/python2.7/dist-packages:/root/mesos-1.6.1/build/3rdparty/setuptools-20.9.0:/root/mesos-1.6.1/build/3rdparty/pip-7.1.2:/root/mesos-1.6.1/build/3rdparty/wheel-0.24.0					\
  PYTHONUSERBASE=/usr/local				\
  /usr/bin/python -c "import pip; pip.main()" install			\
  --user 					\
  --ignore-installed						\
  --find-links=file:///root/mesos-1.6.1/build/src/python/dist	\
  /root/mesos-1.6.1/build/src/$whl;				\
done
Processing ./mesos-1.6.1-py2-none-any.whl
Collecting mesos.native==1.6.1 (from mesos==1.6.1)
  DEPRECATION: Failed to find 'mesos.native' at https://pypi.tuna.tsinghua.edu.cn/simple/mesos.native/. It is suggested to upgrade your index to support normalized names as the name in /simple/{name}.
Collecting mesos.interface==1.6.1 (from mesos==1.6.1)
Collecting mesos.scheduler==1.6.1 (from mesos.native==1.6.1->mesos==1.6.1)
  DEPRECATION: Failed to find 'mesos.scheduler' at https://pypi.tuna.tsinghua.edu.cn/simple/mesos.scheduler/. It is suggested to upgrade your index to support normalized names as the name in /simple/{name}.
Collecting mesos.executor==1.6.1 (from mesos.native==1.6.1->mesos==1.6.1)
  DEPRECATION: Failed to find 'mesos.executor' at https://pypi.tuna.tsinghua.edu.cn/simple/mesos.executor/. It is suggested to upgrade your index to support normalized names as the name in /simple/{name}.
Collecting google-common>=0.0.1 (from mesos.interface==1.6.1->mesos==1.6.1)
Collecting protobuf<4,>=3.5.0 (from mesos.interface==1.6.1->mesos==1.6.1)
  HTTP error 404 while getting https://pypi.tuna.tsinghua.edu.cn/packages/77/78/a7f1ce761e2c738e209857175cd4f90a8562d1bde32868a8cd5290d58926/protobuf-3.6.1-py2.py3-none-any.whl#sha256=196d3a80f93c537f27d2a19a4fafb826fb4c331b0b99110f985119391d170f96 (from https://pypi.tuna.tsinghua.edu.cn/simple/protobuf/)
  Could not install requirement protobuf<4,>=3.5.0 from https://pypi.tuna.tsinghua.edu.cn/packages/77/78/a7f1ce761e2c738e209857175cd4f90a8562d1bde32868a8cd5290d58926/protobuf-3.6.1-py2.py3-none-any.whl#sha256=196d3a80f93c537f27d2a19a4fafb826fb4c331b0b99110f985119391d170f96 (from mesos.interface==1.6.1->mesos==1.6.1) because of error 404 Client Error: Not Found
Could not install requirement protobuf<4,>=3.5.0 from https://pypi.tuna.tsinghua.edu.cn/packages/77/78/a7f1ce761e2c738e209857175cd4f90a8562d1bde32868a8cd5290d58926/protobuf-3.6.1-py2.py3-none-any.whl#sha256=196d3a80f93c537f27d2a19a4fafb826fb4c331b0b99110f985119391d170f96 (from mesos.interface==1.6.1->mesos==1.6.1) because of HTTP error 404 Client Error: Not Found for URL https://pypi.tuna.tsinghua.edu.cn/packages/77/78/a7f1ce761e2c738e209857175cd4f90a8562d1bde32868a8cd5290d58926/protobuf-3.6.1-py2.py3-none-any.whl#sha256=196d3a80f93c537f27d2a19a4fafb826fb4c331b0b99110f985119391d170f96 (from https://pypi.tuna.tsinghua.edu.cn/simple/protobuf/)
You are using pip version 7.1.2, however version 18.0 is available.
You should consider upgrading via the 'pip install --upgrade pip' command.
Processing ./mesos.cli-1.6.1-py2-none-any.whl
Installing collected packages: mesos.cli
Successfully installed mesos.cli-1.6.1
You are using pip version 7.1.2, however version 18.0 is available.
You should consider upgrading via the 'pip install --upgrade pip' command.
Processing ./mesos.executor-1.6.1-cp27-none-linux_x86_64.whl
Collecting mesos.interface==1.6.1 (from mesos.executor==1.6.1)
Collecting google-common>=0.0.1 (from mesos.interface==1.6.1->mesos.executor==1.6.1)
Collecting protobuf<4,>=3.5.0 (from mesos.interface==1.6.1->mesos.executor==1.6.1)
  HTTP error 404 while getting https://pypi.tuna.tsinghua.edu.cn/packages/77/78/a7f1ce761e2c738e209857175cd4f90a8562d1bde32868a8cd5290d58926/protobuf-3.6.1-py2.py3-none-any.whl#sha256=196d3a80f93c537f27d2a19a4fafb826fb4c331b0b99110f985119391d170f96 (from https://pypi.tuna.tsinghua.edu.cn/simple/protobuf/)
  Could not install requirement protobuf<4,>=3.5.0 from https://pypi.tuna.tsinghua.edu.cn/packages/77/78/a7f1ce761e2c738e209857175cd4f90a8562d1bde32868a8cd5290d58926/protobuf-3.6.1-py2.py3-none-any.whl#sha256=196d3a80f93c537f27d2a19a4fafb826fb4c331b0b99110f985119391d170f96 (from mesos.interface==1.6.1->mesos.executor==1.6.1) because of error 404 Client Error: Not Found
Could not install requirement protobuf<4,>=3.5.0 from https://pypi.tuna.tsinghua.edu.cn/packages/77/78/a7f1ce761e2c738e209857175cd4f90a8562d1bde32868a8cd5290d58926/protobuf-3.6.1-py2.py3-none-any.whl#sha256=196d3a80f93c537f27d2a19a4fafb826fb4c331b0b99110f985119391d170f96 (from mesos.interface==1.6.1->mesos.executor==1.6.1) because of HTTP error 404 Client Error: Not Found for URL https://pypi.tuna.tsinghua.edu.cn/packages/77/78/a7f1ce761e2c738e209857175cd4f90a8562d1bde32868a8cd5290d58926/protobuf-3.6.1-py2.py3-none-any.whl#sha256=196d3a80f93c537f27d2a19a4fafb826fb4c331b0b99110f985119391d170f96 (from https://pypi.tuna.tsinghua.edu.cn/simple/protobuf/)
You are using pip version 7.1.2, however version 18.0 is available.
You should consider upgrading via the 'pip install --upgrade pip' command.
Processing ./mesos.interface-1.6.1-py2-none-any.whl
Collecting google-common>=0.0.1 (from mesos.interface==1.6.1)
Collecting protobuf<4,>=3.5.0 (from mesos.interface==1.6.1)
  HTTP error 404 while getting https://pypi.tuna.tsinghua.edu.cn/packages/77/78/a7f1ce761e2c738e209857175cd4f90a8562d1bde32868a8cd5290d58926/protobuf-3.6.1-py2.py3-none-any.whl#sha256=196d3a80f93c537f27d2a19a4fafb826fb4c331b0b99110f985119391d170f96 (from https://pypi.tuna.tsinghua.edu.cn/simple/protobuf/)
  Could not install requirement protobuf<4,>=3.5.0 from https://pypi.tuna.tsinghua.edu.cn/packages/77/78/a7f1ce761e2c738e209857175cd4f90a8562d1bde32868a8cd5290d58926/protobuf-3.6.1-py2.py3-none-any.whl#sha256=196d3a80f93c537f27d2a19a4fafb826fb4c331b0b99110f985119391d170f96 (from mesos.interface==1.6.1) because of error 404 Client Error: Not Found
Could not install requirement protobuf<4,>=3.5.0 from https://pypi.tuna.tsinghua.edu.cn/packages/77/78/a7f1ce761e2c738e209857175cd4f90a8562d1bde32868a8cd5290d58926/protobuf-3.6.1-py2.py3-none-any.whl#sha256=196d3a80f93c537f27d2a19a4fafb826fb4c331b0b99110f985119391d170f96 (from mesos.interface==1.6.1) because of HTTP error 404 Client Error: Not Found for URL https://pypi.tuna.tsinghua.edu.cn/packages/77/78/a7f1ce761e2c738e209857175cd4f90a8562d1bde32868a8cd5290d58926/protobuf-3.6.1-py2.py3-none-any.whl#sha256=196d3a80f93c537f27d2a19a4fafb826fb4c331b0b99110f985119391d170f96 (from https://pypi.tuna.tsinghua.edu.cn/simple/protobuf/)
You are using pip version 7.1.2, however version 18.0 is available.
You should consider upgrading via the 'pip install --upgrade pip' command.
Processing ./mesos.native-1.6.1-py2-none-any.whl
Collecting mesos.scheduler==1.6.1 (from mesos.native==1.6.1)
  DEPRECATION: Failed to find 'mesos.scheduler' at https://pypi.tuna.tsinghua.edu.cn/simple/mesos.scheduler/. It is suggested to upgrade your index to support normalized names as the name in /simple/{name}.
Collecting mesos.executor==1.6.1 (from mesos.native==1.6.1)
  DEPRECATION: Failed to find 'mesos.executor' at https://pypi.tuna.tsinghua.edu.cn/simple/mesos.executor/. It is suggested to upgrade your index to support normalized names as the name in /simple/{name}.
Collecting mesos.interface==1.6.1 (from mesos.scheduler==1.6.1->mesos.native==1.6.1)
Collecting google-common>=0.0.1 (from mesos.interface==1.6.1->mesos.scheduler==1.6.1->mesos.native==1.6.1)
Collecting protobuf<4,>=3.5.0 (from mesos.interface==1.6.1->mesos.scheduler==1.6.1->mesos.native==1.6.1)
  HTTP error 404 while getting https://pypi.tuna.tsinghua.edu.cn/packages/77/78/a7f1ce761e2c738e209857175cd4f90a8562d1bde32868a8cd5290d58926/protobuf-3.6.1-py2.py3-none-any.whl#sha256=196d3a80f93c537f27d2a19a4fafb826fb4c331b0b99110f985119391d170f96 (from https://pypi.tuna.tsinghua.edu.cn/simple/protobuf/)
  Could not install requirement protobuf<4,>=3.5.0 from https://pypi.tuna.tsinghua.edu.cn/packages/77/78/a7f1ce761e2c738e209857175cd4f90a8562d1bde32868a8cd5290d58926/protobuf-3.6.1-py2.py3-none-any.whl#sha256=196d3a80f93c537f27d2a19a4fafb826fb4c331b0b99110f985119391d170f96 (from mesos.interface==1.6.1->mesos.scheduler==1.6.1->mesos.native==1.6.1) because of error 404 Client Error: Not Found
Could not install requirement protobuf<4,>=3.5.0 from https://pypi.tuna.tsinghua.edu.cn/packages/77/78/a7f1ce761e2c738e209857175cd4f90a8562d1bde32868a8cd5290d58926/protobuf-3.6.1-py2.py3-none-any.whl#sha256=196d3a80f93c537f27d2a19a4fafb826fb4c331b0b99110f985119391d170f96 (from mesos.interface==1.6.1->mesos.scheduler==1.6.1->mesos.native==1.6.1) because of HTTP error 404 Client Error: Not Found for URL https://pypi.tuna.tsinghua.edu.cn/packages/77/78/a7f1ce761e2c738e209857175cd4f90a8562d1bde32868a8cd5290d58926/protobuf-3.6.1-py2.py3-none-any.whl#sha256=196d3a80f93c537f27d2a19a4fafb826fb4c331b0b99110f985119391d170f96 (from https://pypi.tuna.tsinghua.edu.cn/simple/protobuf/)
You are using pip version 7.1.2, however version 18.0 is available.
You should consider upgrading via the 'pip install --upgrade pip' command.
Processing ./mesos.scheduler-1.6.1-cp27-none-linux_x86_64.whl
Collecting mesos.interface==1.6.1 (from mesos.scheduler==1.6.1)
Collecting google-common>=0.0.1 (from mesos.interface==1.6.1->mesos.scheduler==1.6.1)
Collecting protobuf<4,>=3.5.0 (from mesos.interface==1.6.1->mesos.scheduler==1.6.1)
  HTTP error 404 while getting https://pypi.tuna.tsinghua.edu.cn/packages/77/78/a7f1ce761e2c738e209857175cd4f90a8562d1bde32868a8cd5290d58926/protobuf-3.6.1-py2.py3-none-any.whl#sha256=196d3a80f93c537f27d2a19a4fafb826fb4c331b0b99110f985119391d170f96 (from https://pypi.tuna.tsinghua.edu.cn/simple/protobuf/)
  Could not install requirement protobuf<4,>=3.5.0 from https://pypi.tuna.tsinghua.edu.cn/packages/77/78/a7f1ce761e2c738e209857175cd4f90a8562d1bde32868a8cd5290d58926/protobuf-3.6.1-py2.py3-none-any.whl#sha256=196d3a80f93c537f27d2a19a4fafb826fb4c331b0b99110f985119391d170f96 (from mesos.interface==1.6.1->mesos.scheduler==1.6.1) because of error 404 Client Error: Not Found
Could not install requirement protobuf<4,>=3.5.0 from https://pypi.tuna.tsinghua.edu.cn/packages/77/78/a7f1ce761e2c738e209857175cd4f90a8562d1bde32868a8cd5290d58926/protobuf-3.6.1-py2.py3-none-any.whl#sha256=196d3a80f93c537f27d2a19a4fafb826fb4c331b0b99110f985119391d170f96 (from mesos.interface==1.6.1->mesos.scheduler==1.6.1) because of HTTP error 404 Client Error: Not Found for URL https://pypi.tuna.tsinghua.edu.cn/packages/77/78/a7f1ce761e2c738e209857175cd4f90a8562d1bde32868a8cd5290d58926/protobuf-3.6.1-py2.py3-none-any.whl#sha256=196d3a80f93c537f27d2a19a4fafb826fb4c331b0b99110f985119391d170f96 (from https://pypi.tuna.tsinghua.edu.cn/simple/protobuf/)
You are using pip version 7.1.2, however version 18.0 is available.
You should consider upgrading via the 'pip install --upgrade pip' command.
 /bin/mkdir -p '/usr/local/include/mesos/executor'
 /usr/bin/install -c -m 644 ../../include/mesos/executor/executor.hpp ../../include/mesos/executor/executor.proto '/usr/local/include/mesos/executor'
 /bin/mkdir -p '/usr/local/include/mesos/executor'
 /usr/bin/install -c -m 644 ../include/mesos/executor/executor.pb.h '/usr/local/include/mesos/executor'
 /bin/mkdir -p '/usr/local/sbin'
 /usr/bin/install -c deploy/mesos-daemon.sh deploy/mesos-start-agents.sh deploy/mesos-start-cluster.sh deploy/mesos-start-masters.sh deploy/mesos-start-slaves.sh deploy/mesos-stop-agents.sh deploy/mesos-stop-cluster.sh deploy/mesos-stop-masters.sh deploy/mesos-stop-slaves.sh '/usr/local/sbin'
 /bin/mkdir -p '/usr/local/include/mesos/v1/executor'
 /usr/bin/install -c -m 644 ../include/mesos/v1/executor/executor.pb.h '/usr/local/include/mesos/v1/executor'
 /bin/mkdir -p '/usr/local/libexec/mesos'
  /bin/bash ../libtool   --mode=install /usr/bin/install -c mesos-fetcher mesos-executor mesos-default-executor mesos-containerizer mesos-cni-port-mapper mesos-logrotate-logger mesos-io-switchboard mesos-network-helper mesos-usage mesos-docker-executor mesos-tcp-connect '/usr/local/libexec/mesos'
libtool: install: /usr/bin/install -c .libs/mesos-fetcher /usr/local/libexec/mesos/mesos-fetcher
libtool: install: /usr/bin/install -c .libs/mesos-executor /usr/local/libexec/mesos/mesos-executor
libtool: install: /usr/bin/install -c .libs/mesos-default-executor /usr/local/libexec/mesos/mesos-default-executor
libtool: install: /usr/bin/install -c .libs/mesos-containerizer /usr/local/libexec/mesos/mesos-containerizer
libtool: install: /usr/bin/install -c .libs/mesos-cni-port-mapper /usr/local/libexec/mesos/mesos-cni-port-mapper
libtool: install: /usr/bin/install -c .libs/mesos-logrotate-logger /usr/local/libexec/mesos/mesos-logrotate-logger
libtool: install: /usr/bin/install -c .libs/mesos-io-switchboard /usr/local/libexec/mesos/mesos-io-switchboard
libtool: install: /usr/bin/install -c .libs/mesos-network-helper /usr/local/libexec/mesos/mesos-network-helper
libtool: install: /usr/bin/install -c .libs/mesos-usage /usr/local/libexec/mesos/mesos-usage
libtool: install: /usr/bin/install -c .libs/mesos-docker-executor /usr/local/libexec/mesos/mesos-docker-executor
libtool: install: /usr/bin/install -c .libs/mesos-tcp-connect /usr/local/libexec/mesos/mesos-tcp-connect
 /bin/mkdir -p '/usr/local/sbin'
  /bin/bash ../libtool   --mode=install /usr/bin/install -c mesos-agent mesos-master '/usr/local/sbin'
libtool: install: /usr/bin/install -c .libs/mesos-agent /usr/local/sbin/mesos-agent
libtool: install: /usr/bin/install -c .libs/mesos-master /usr/local/sbin/mesos-master
 /bin/mkdir -p '/usr/local/include/mesos/v1/executor'
 /usr/bin/install -c -m 644 ../../include/mesos/v1/executor/executor.hpp ../../include/mesos/v1/executor/executor.proto '/usr/local/include/mesos/v1/executor'
make  install-exec-hook
make[4]: Entering directory '/root/mesos-1.6.1/build/src'
cd //usr/local/sbin && ln -s mesos-agent mesos-slave
make[4]: Leaving directory '/root/mesos-1.6.1/build/src'
 /bin/mkdir -p '/usr/local/include/mesos/agent'
 /usr/bin/install -c -m 644 ../../include/mesos/agent/agent.hpp ../../include/mesos/agent/agent.proto ../../include/mesos/slave/container_logger.hpp ../../include/mesos/slave/containerizer.hpp ../../include/mesos/slave/isolator.hpp ../../include/mesos/slave/oversubscription.hpp ../../include/mesos/slave/oversubscription.proto ../../include/mesos/slave/qos_controller.hpp ../../include/mesos/slave/resource_estimator.hpp '/usr/local/include/mesos/agent'
 /bin/mkdir -p '/usr/local/include/mesos/allocator'
 /usr/bin/install -c -m 644 ../../include/mesos/allocator/allocator.hpp ../../include/mesos/allocator/allocator.proto '/usr/local/include/mesos/allocator'
 /bin/mkdir -p '/usr/local/include/mesos/appc'
 /usr/bin/install -c -m 644 ../../include/mesos/appc/spec.hpp ../../include/mesos/appc/spec.proto '/usr/local/include/mesos/appc'
 /bin/mkdir -p '/usr/local/include/mesos/authentication'
 /usr/bin/install -c -m 644 ../../include/mesos/authentication/authenticatee.hpp ../../include/mesos/authentication/authentication.hpp ../../include/mesos/authentication/authentication.proto ../../include/mesos/authentication/authenticator.hpp ../../include/mesos/authentication/secret_generator.hpp '/usr/local/include/mesos/authentication'
 /bin/mkdir -p '/usr/local/include/mesos/authorizer'
 /usr/bin/install -c -m 644 ../../include/mesos/authorizer/acls.hpp ../../include/mesos/authorizer/acls.proto ../../include/mesos/authorizer/authorizer.hpp ../../include/mesos/authorizer/authorizer.proto '/usr/local/include/mesos/authorizer'
 /bin/mkdir -p '/usr/local/include/mesos/docker'
 /usr/bin/install -c -m 644 ../../include/mesos/docker/spec.hpp ../../include/mesos/docker/spec.proto ../../include/mesos/docker/v1.hpp ../../include/mesos/docker/v1.proto ../../include/mesos/docker/v2.hpp ../../include/mesos/docker/v2.proto '/usr/local/include/mesos/docker'
 /bin/mkdir -p '/usr/local/include/mesos/fetcher'
 /usr/bin/install -c -m 644 ../../include/mesos/fetcher/fetcher.hpp ../../include/mesos/fetcher/fetcher.proto '/usr/local/include/mesos/fetcher'
 /bin/mkdir -p '/usr/local/include/mesos/authentication/http'
 /usr/bin/install -c -m 644 ../../include/mesos/authentication/http/authenticatee.hpp ../../include/mesos/authentication/http/basic_authenticator_factory.hpp ../../include/mesos/authentication/http/combined_authenticator.hpp '/usr/local/include/mesos/authentication/http'
 /bin/mkdir -p '/usr/local/include/mesos/log'
 /usr/bin/install -c -m 644 ../../include/mesos/log/log.hpp '/usr/local/include/mesos/log'
 /bin/mkdir -p '/usr/local/include/mesos/maintenance'
 /usr/bin/install -c -m 644 ../../include/mesos/maintenance/maintenance.hpp ../../include/mesos/maintenance/maintenance.proto '/usr/local/include/mesos/maintenance'
 /bin/mkdir -p '/usr/local/include/mesos/master'
 /usr/bin/install -c -m 644 ../../include/mesos/master/contender.hpp ../../include/mesos/master/detector.hpp ../../include/mesos/master/master.hpp ../../include/mesos/master/master.proto '/usr/local/include/mesos/master'
 /bin/mkdir -p '/usr/local/include/mesos/module'
 /usr/bin/install -c -m 644 ../../include/mesos/module/allocator.hpp ../../include/mesos/module/anonymous.hpp ../../include/mesos/module/authenticatee.hpp ../../include/mesos/module/authenticator.hpp ../../include/mesos/module/authorizer.hpp ../../include/mesos/module/container_logger.hpp ../../include/mesos/module/contender.hpp ../../include/mesos/module/detector.hpp ../../include/mesos/module/disk_profile_adaptor.hpp ../../include/mesos/module/hook.hpp ../../include/mesos/module/hook.proto ../../include/mesos/module/http_authenticatee.hpp ../../include/mesos/module/http_authenticator.hpp ../../include/mesos/module/isolator.hpp ../../include/mesos/module/module.hpp ../../include/mesos/module/module.proto ../../include/mesos/module/qos_controller.hpp ../../include/mesos/module/resource_estimator.hpp ../../include/mesos/module/secret_generator.hpp ../../include/mesos/module/secret_resolver.hpp '/usr/local/include/mesos/module'
 /bin/mkdir -p '/usr/local/share/mesos'
 /bin/mkdir -p '/usr/local/share/mesos/webui/app/frameworks'
 /usr/bin/install -c -m 644  ../../src/webui/app/frameworks/framework.html ../../src/webui/app/frameworks/frameworks.html '/usr/local/share/mesos/webui/app/frameworks'
 /bin/mkdir -p '/usr/local/share/mesos/webui/assets/fonts'
 /usr/bin/install -c -m 644  ../../src/webui/assets/fonts/glyphicons-halflings-regular.eot ../../src/webui/assets/fonts/glyphicons-halflings-regular.svg ../../src/webui/assets/fonts/glyphicons-halflings-regular.ttf ../../src/webui/assets/fonts/glyphicons-halflings-regular.woff ../../src/webui/assets/fonts/glyphicons-halflings-regular.woff2 '/usr/local/share/mesos/webui/assets/fonts'
 /bin/mkdir -p '/usr/local/share/mesos/webui/app/agents'
 /usr/bin/install -c -m 644  ../../src/webui/app/agents/agent.html ../../src/webui/app/agents/agent-browse.html ../../src/webui/app/agents/agent-executor.html ../../src/webui/app/agents/agent-framework.html ../../src/webui/app/agents/agents.html '/usr/local/share/mesos/webui/app/agents'
 /bin/mkdir -p '/usr/local/share/mesos/webui/assets/ico'
 /usr/bin/install -c -m 644  ../../src/webui/assets/ico/favicon.ico '/usr/local/share/mesos/webui/assets/ico'
 /bin/mkdir -p '/usr/local/share/mesos/webui/app/roles'
 /usr/bin/install -c -m 644  ../../src/webui/app/roles/roles.html '/usr/local/share/mesos/webui/app/roles'
 /bin/mkdir -p '/usr/local/share/mesos/webui/app/offers'
 /usr/bin/install -c -m 644  ../../src/webui/app/offers/offers.html '/usr/local/share/mesos/webui/app/offers'
 /bin/mkdir -p '/usr/local/share/mesos/webui/assets/img'
 /usr/bin/install -c -m 644  ../../src/webui/assets/img/loading.gif ../../src/webui/assets/img/mesos-logo.png '/usr/local/share/mesos/webui/assets/img'
 /bin/mkdir -p '/usr/local/share/mesos/webui'
 /usr/bin/install -c -m 644  ../../src/webui/index.html '/usr/local/share/mesos/webui'
 /bin/mkdir -p '/usr/local/share/mesos/webui/assets/css'
 /usr/bin/install -c -m 644  ../../src/webui/assets/css/bootstrap-3.3.6.min.css ../../src/webui/assets/css/bootstrap-table-1.11.1.min.css ../../src/webui/assets/css/mesos.css '/usr/local/share/mesos/webui/assets/css'
 /bin/mkdir -p '/usr/local/share/mesos/webui/assets/libs'
 /usr/bin/install -c -m 644  ../../src/webui/assets/libs/angular-1.2.32.min.js ../../src/webui/assets/libs/angular-route-1.2.32.min.js ../../src/webui/assets/libs/bootstrap-table-1.11.1.min.js ../../src/webui/assets/libs/clipboard-1.5.16.min.js ../../src/webui/assets/libs/jquery-3.2.1.min.js ../../src/webui/assets/libs/jquery.pailer.js ../../src/webui/assets/libs/relative-date.js ../../src/webui/assets/libs/ui-bootstrap-tpls-0.9.0.min.js ../../src/webui/assets/libs/underscore-1.4.3.min.js '/usr/local/share/mesos/webui/assets/libs'
 /bin/mkdir -p '/usr/local/share/mesos/webui/app/shared'
 /usr/bin/install -c -m 644  ../../src/webui/app/shared/pagination.html ../../src/webui/app/shared/pailer.html ../../src/webui/app/shared/table-header.html ../../src/webui/app/shared/timestamp.html '/usr/local/share/mesos/webui/app/shared'
 /bin/mkdir -p '/usr/local/share/mesos/webui/app/maintenance'
 /usr/bin/install -c -m 644  ../../src/webui/app/maintenance/maintenance.html '/usr/local/share/mesos/webui/app/maintenance'
 /bin/mkdir -p '/usr/local/share/mesos/webui/app'
 /usr/bin/install -c -m 644  ../../src/webui/app/app.js ../../src/webui/app/controllers.js ../../src/webui/app/services.js ../../src/webui/app/home.html '/usr/local/share/mesos/webui/app'
 /bin/mkdir -p '/usr/local/include/mesos/agent'
 /usr/bin/install -c -m 644 ../include/mesos/agent/agent.pb.h ../include/mesos/slave/containerizer.pb.h ../include/mesos/slave/oversubscription.pb.h '/usr/local/include/mesos/agent'
 /bin/mkdir -p '/usr/local/include/mesos/allocator'
 /usr/bin/install -c -m 644 ../include/mesos/allocator/allocator.pb.h '/usr/local/include/mesos/allocator'
 /bin/mkdir -p '/usr/local/include/mesos/appc'
 /usr/bin/install -c -m 644 ../include/mesos/appc/spec.pb.h '/usr/local/include/mesos/appc'
 /bin/mkdir -p '/usr/local/include/mesos/authentication'
 /usr/bin/install -c -m 644 ../include/mesos/authentication/authentication.pb.h '/usr/local/include/mesos/authentication'
 /bin/mkdir -p '/usr/local/include/mesos/authorizer'
 /usr/bin/install -c -m 644 ../include/mesos/authorizer/acls.pb.h ../include/mesos/authorizer/authorizer.pb.h '/usr/local/include/mesos/authorizer'
 /bin/mkdir -p '/usr/local/include/mesos/docker'
 /usr/bin/install -c -m 644 ../include/mesos/docker/spec.pb.h ../include/mesos/docker/v1.pb.h ../include/mesos/docker/v2.pb.h '/usr/local/include/mesos/docker'
 /bin/mkdir -p '/usr/local/include/mesos/fetcher'
 /usr/bin/install -c -m 644 ../include/mesos/fetcher/fetcher.pb.h '/usr/local/include/mesos/fetcher'
 /bin/mkdir -p '/usr/local/include/mesos/maintenance'
 /usr/bin/install -c -m 644 ../include/mesos/maintenance/maintenance.pb.h '/usr/local/include/mesos/maintenance'
 /bin/mkdir -p '/usr/local/include/mesos/master'
 /usr/bin/install -c -m 644 ../include/mesos/master/master.pb.h '/usr/local/include/mesos/master'
 /bin/mkdir -p '/usr/local/include/mesos/module'
 /usr/bin/install -c -m 644 ../include/mesos/module/hook.pb.h ../include/mesos/module/module.pb.h '/usr/local/include/mesos/module'
 /bin/mkdir -p '/usr/local/include/mesos/oci'
 /usr/bin/install -c -m 644 ../include/mesos/oci/spec.pb.h '/usr/local/include/mesos/oci'
 /bin/mkdir -p '/usr/local/include/mesos'
 /usr/bin/install -c -m 644 ../include/mesos/version.hpp ../include/mesos/mesos.pb.h '/usr/local/include/mesos'
 /bin/mkdir -p '/usr/local/include/mesos/quota'
 /usr/bin/install -c -m 644 ../include/mesos/quota/quota.pb.h '/usr/local/include/mesos/quota'
 /bin/mkdir -p '/usr/local/include/mesos/resource_provider'
 /usr/bin/install -c -m 644 ../include/mesos/resource_provider/resource_provider.pb.h '/usr/local/include/mesos/resource_provider'
 /bin/mkdir -p '/usr/local/include/mesos/scheduler'
 /usr/bin/install -c -m 644 ../include/mesos/scheduler/scheduler.pb.h '/usr/local/include/mesos/scheduler'
 /bin/mkdir -p '/usr/local/include/mesos/state'
 /usr/bin/install -c -m 644 ../include/mesos/state/state.pb.h '/usr/local/include/mesos/state'
 /bin/mkdir -p '/usr/local/include/mesos/uri'
 /usr/bin/install -c -m 644 ../include/mesos/uri/uri.pb.h '/usr/local/include/mesos/uri'
 /bin/mkdir -p '/usr/local/include/mesos/v1'
 /usr/bin/install -c -m 644 ../include/mesos/v1/mesos.pb.h '/usr/local/include/mesos/v1'
 /bin/mkdir -p '/usr/local/include/mesos/v1/agent'
 /usr/bin/install -c -m 644 ../include/mesos/v1/agent/agent.pb.h '/usr/local/include/mesos/v1/agent'
 /bin/mkdir -p '/usr/local/include/mesos/v1/allocator'
 /usr/bin/install -c -m 644 ../include/mesos/v1/allocator/allocator.pb.h '/usr/local/include/mesos/v1/allocator'
 /bin/mkdir -p '/usr/local/include/mesos/v1/maintenance'
 /usr/bin/install -c -m 644 ../include/mesos/v1/maintenance/maintenance.pb.h '/usr/local/include/mesos/v1/maintenance'
 /bin/mkdir -p '/usr/local/include/mesos/v1/master'
 /usr/bin/install -c -m 644 ../include/mesos/v1/master/master.pb.h '/usr/local/include/mesos/v1/master'
 /bin/mkdir -p '/usr/local/include/mesos/v1/quota'
 /usr/bin/install -c -m 644 ../include/mesos/v1/quota/quota.pb.h '/usr/local/include/mesos/v1/quota'
 /bin/mkdir -p '/usr/local/include/mesos/v1/resource_provider'
 /usr/bin/install -c -m 644 ../include/mesos/v1/resource_provider/resource_provider.pb.h '/usr/local/include/mesos/v1/resource_provider'
 /bin/mkdir -p '/usr/local/include/mesos/v1/scheduler'
 /usr/bin/install -c -m 644 ../include/mesos/v1/scheduler/scheduler.pb.h '/usr/local/include/mesos/v1/scheduler'
 /bin/mkdir -p '/usr/local/include/mesos/oci'
 /usr/bin/install -c -m 644 ../../include/mesos/oci/spec.hpp ../../include/mesos/oci/spec.proto '/usr/local/include/mesos/oci'
 /bin/mkdir -p '/usr/local/include/mesos'
 /usr/bin/install -c -m 644 ../../include/mesos/attributes.hpp ../../include/mesos/executor.hpp ../../include/mesos/hook.hpp ../../include/mesos/http.hpp ../../include/mesos/mesos.hpp ../../include/mesos/mesos.proto ../../include/mesos/module.hpp ../../include/mesos/resources.hpp ../../include/mesos/roles.hpp ../../include/mesos/scheduler.hpp ../../include/mesos/type_utils.hpp ../../include/mesos/values.hpp '/usr/local/include/mesos'
 /bin/mkdir -p '/usr/local/lib/mesos/modules'
 /bin/bash ../libtool   --mode=install /usr/bin/install -c   liblogrotate_container_logger.la libfixed_resource_estimator.la libload_qos_controller.la liburi_disk_profile_adaptor.la '/usr/local/lib/mesos/modules'
libtool: install: /usr/bin/install -c .libs/liblogrotate_container_logger-1.6.1.so /usr/local/lib/mesos/modules/liblogrotate_container_logger-1.6.1.so
libtool: install: (cd /usr/local/lib/mesos/modules && { ln -s -f liblogrotate_container_logger-1.6.1.so liblogrotate_container_logger.so || { rm -f liblogrotate_container_logger.so && ln -s liblogrotate_container_logger-1.6.1.so liblogrotate_container_logger.so; }; })
libtool: install: /usr/bin/install -c .libs/liblogrotate_container_logger.lai /usr/local/lib/mesos/modules/liblogrotate_container_logger.la
libtool: install: /usr/bin/install -c .libs/libfixed_resource_estimator-1.6.1.so /usr/local/lib/mesos/modules/libfixed_resource_estimator-1.6.1.so
libtool: install: (cd /usr/local/lib/mesos/modules && { ln -s -f libfixed_resource_estimator-1.6.1.so libfixed_resource_estimator.so || { rm -f libfixed_resource_estimator.so && ln -s libfixed_resource_estimator-1.6.1.so libfixed_resource_estimator.so; }; })
libtool: install: /usr/bin/install -c .libs/libfixed_resource_estimator.lai /usr/local/lib/mesos/modules/libfixed_resource_estimator.la
libtool: install: /usr/bin/install -c .libs/libload_qos_controller-1.6.1.so /usr/local/lib/mesos/modules/libload_qos_controller-1.6.1.so
libtool: install: (cd /usr/local/lib/mesos/modules && { ln -s -f libload_qos_controller-1.6.1.so libload_qos_controller.so || { rm -f libload_qos_controller.so && ln -s libload_qos_controller-1.6.1.so libload_qos_controller.so; }; })
libtool: install: /usr/bin/install -c .libs/libload_qos_controller.lai /usr/local/lib/mesos/modules/libload_qos_controller.la
libtool: install: /usr/bin/install -c .libs/liburi_disk_profile_adaptor-1.6.1.so /usr/local/lib/mesos/modules/liburi_disk_profile_adaptor-1.6.1.so
libtool: install: (cd /usr/local/lib/mesos/modules && { ln -s -f liburi_disk_profile_adaptor-1.6.1.so liburi_disk_profile_adaptor.so || { rm -f liburi_disk_profile_adaptor.so && ln -s liburi_disk_profile_adaptor-1.6.1.so liburi_disk_profile_adaptor.so; }; })
libtool: install: /usr/bin/install -c .libs/liburi_disk_profile_adaptor.lai /usr/local/lib/mesos/modules/liburi_disk_profile_adaptor.la
libtool: finish: PATH="/usr/local/sbin:/usr/local/bin:/usr/sbin:/usr/bin:/sbin:/bin:/snap/bin:/sbin" ldconfig -n /usr/local/lib/mesos/modules
----------------------------------------------------------------------
Libraries have been installed in:
   /usr/local/lib/mesos/modules

If you ever happen to want to link against installed libraries
in a given directory, LIBDIR, you must either use libtool, and
specify the full pathname of the library, or use the `-LLIBDIR'
flag during linking and do at least one of the following:
   - add LIBDIR to the `LD_LIBRARY_PATH' environment variable
     during execution
   - add LIBDIR to the `LD_RUN_PATH' environment variable
     during linking
   - use the `-Wl,-rpath -Wl,LIBDIR' linker flag
   - have your system administrator add LIBDIR to `/etc/ld.so.conf'

See any operating system documentation about shared libraries for
more information, such as the ld(1) and ld.so(8) manual pages.
----------------------------------------------------------------------
 /bin/mkdir -p '/usr/local/etc/mesos'
 /usr/bin/install -c -m 644 ../../src/deploy/mesos-agent-env.sh.template ../../src/deploy/mesos-deploy-env.sh.template ../../src/deploy/mesos-master-env.sh.template '/usr/local/etc/mesos'
 /bin/mkdir -p '/usr/local/include/mesos/quota'
 /usr/bin/install -c -m 644 ../../include/mesos/quota/quota.hpp ../../include/mesos/quota/quota.proto '/usr/local/include/mesos/quota'
 /bin/mkdir -p '/usr/local/include/mesos/resource_provider'
 /usr/bin/install -c -m 644 ../../include/mesos/resource_provider/resource_provider.hpp ../../include/mesos/resource_provider/resource_provider.proto ../../include/mesos/resource_provider/storage/disk_profile_adaptor.hpp '/usr/local/include/mesos/resource_provider'
 /bin/mkdir -p '/usr/local/include/mesos/scheduler'
 /usr/bin/install -c -m 644 ../../include/mesos/scheduler/scheduler.hpp ../../include/mesos/scheduler/scheduler.proto '/usr/local/include/mesos/scheduler'
 /bin/mkdir -p '/usr/local/include/mesos/secret'
 /usr/bin/install -c -m 644 ../../include/mesos/secret/resolver.hpp '/usr/local/include/mesos/secret'
 /bin/mkdir -p '/usr/local/include/mesos/state'
 /usr/bin/install -c -m 644 ../../include/mesos/state/in_memory.hpp ../../include/mesos/state/leveldb.hpp ../../include/mesos/state/log.hpp ../../include/mesos/state/protobuf.hpp ../../include/mesos/state/state.hpp ../../include/mesos/state/state.proto ../../include/mesos/state/storage.hpp ../../include/mesos/state/zookeeper.hpp '/usr/local/include/mesos/state'
 /bin/mkdir -p '/usr/local/include/mesos/uri'
 /usr/bin/install -c -m 644 ../../include/mesos/uri/fetcher.hpp ../../include/mesos/uri/uri.hpp ../../include/mesos/uri/uri.proto '/usr/local/include/mesos/uri'
 /bin/mkdir -p '/usr/local/include/mesos/v1'
 /usr/bin/install -c -m 644 ../../include/mesos/v1/attributes.hpp ../../include/mesos/v1/executor.hpp ../../include/mesos/v1/mesos.hpp ../../include/mesos/v1/mesos.proto ../../include/mesos/v1/resources.hpp ../../include/mesos/v1/resource_provider.hpp ../../include/mesos/v1/scheduler.hpp ../../include/mesos/v1/values.hpp '/usr/local/include/mesos/v1'
 /bin/mkdir -p '/usr/local/include/mesos/v1/agent'
 /usr/bin/install -c -m 644 ../../include/mesos/v1/agent/agent.hpp ../../include/mesos/v1/agent/agent.proto '/usr/local/include/mesos/v1/agent'
 /bin/mkdir -p '/usr/local/include/mesos/v1/allocator'
 /usr/bin/install -c -m 644 ../../include/mesos/v1/allocator/allocator.proto '/usr/local/include/mesos/v1/allocator'
 /bin/mkdir -p '/usr/local/include/mesos/v1/maintenance'
 /usr/bin/install -c -m 644 ../../include/mesos/v1/maintenance/maintenance.hpp ../../include/mesos/v1/maintenance/maintenance.proto '/usr/local/include/mesos/v1/maintenance'
 /bin/mkdir -p '/usr/local/include/mesos/v1/master'
 /usr/bin/install -c -m 644 ../../include/mesos/v1/master/master.hpp ../../include/mesos/v1/master/master.proto '/usr/local/include/mesos/v1/master'
 /bin/mkdir -p '/usr/local/include/mesos/v1/quota'
 /usr/bin/install -c -m 644 ../../include/mesos/v1/quota/quota.proto '/usr/local/include/mesos/v1/quota'
 /bin/mkdir -p '/usr/local/include/mesos/v1/resource_provider'
 /usr/bin/install -c -m 644 ../../include/mesos/v1/resource_provider/resource_provider.hpp ../../include/mesos/v1/resource_provider/resource_provider.proto '/usr/local/include/mesos/v1/resource_provider'
 /bin/mkdir -p '/usr/local/include/mesos/v1/scheduler'
 /usr/bin/install -c -m 644 ../../include/mesos/v1/scheduler/scheduler.hpp ../../include/mesos/v1/scheduler/scheduler.proto '/usr/local/include/mesos/v1/scheduler'
 /bin/mkdir -p '/usr/local/include/mesos/zookeeper'
 /usr/bin/install -c -m 644 ../../include/mesos/zookeeper/authentication.hpp ../../include/mesos/zookeeper/contender.hpp ../../include/mesos/zookeeper/detector.hpp ../../include/mesos/zookeeper/group.hpp ../../include/mesos/zookeeper/url.hpp ../../include/mesos/zookeeper/watcher.hpp ../../include/mesos/zookeeper/zookeeper.hpp '/usr/local/include/mesos/zookeeper'
make  install-data-hook
make[4]: Entering directory '/root/mesos-1.6.1/build/src'
cd //usr/local/etc/mesos && \
  ln -s mesos-agent-env.sh.template mesos-slave-env.sh.template
cd //usr/local/include/mesos && ln -s agent slave
cd //usr/local/lib && 				\
for name in libfixed_resource_estimator 		\
    libload_qos_controller 				\
    liblogrotate_container_logger; do 			\
	for lib in `cd //usr/local/lib/mesos/modules && ls ${name}*`; do \
	  rm -f $lib; 					\
	  ln -s mesos/modules/$lib $lib; \
	done;						\
done
make[4]: Leaving directory '/root/mesos-1.6.1/build/src'
make[3]: Leaving directory '/root/mesos-1.6.1/build/src'
make[2]: Leaving directory '/root/mesos-1.6.1/build/src'
make[1]: Leaving directory '/root/mesos-1.6.1/build/src'
